<?xml version="1.0" encoding="UTF-8"?>
<testng-results ignored="0" total="2" passed="2" failed="0" skipped="0">
  <reporter-output>
  </reporter-output>
  <suite started-at="2024-12-07T16:28:40 IST" name="Suite" finished-at="2024-12-07T16:29:00 IST" duration-ms="19761">
    <groups>
    </groups>
    <test started-at="2024-12-07T16:28:40 IST" name="Test" finished-at="2024-12-07T16:29:00 IST" duration-ms="19761">
      <class name="testng.Demo">
        <test-method signature="Facebook()[pri:2, instance:testng.Demo@1ea9f6af]" started-at="2024-12-07T16:28:40 IST" name="Facebook" finished-at="2024-12-07T16:29:00 IST" duration-ms="19701" status="PASS">
          <reporter-output>
          </reporter-output>
        </test-method> <!-- Facebook -->
        <test-method signature="GooglrSearch()[pri:1, instance:testng.Demo@1ea9f6af]" started-at="2024-12-07T16:28:40 IST" name="GooglrSearch" finished-at="2024-12-07T16:28:57 IST" duration-ms="17001" status="PASS">
          <reporter-output>
          </reporter-output>
        </test-method> <!-- GooglrSearch -->
      </class> <!-- testng.Demo -->
    </test> <!-- Test -->
  </suite> <!-- Suite -->
</testng-results>
